INFO:root:[osu]
INFO:root:university: The Ohio State University
INFO:root:college: College of Engineering
INFO:root:department: Department of Computer Science and Engineering
INFO:root:class: CSE3461
INFO:root:[server]
INFO:root:serverhost: 10.134.215.76
INFO:root:serverport: 5782
INFO:root:[db]
INFO:root:dbhost: 10.129.2.170
INFO:root:dbport: 3232
INFO:root:commitinterval: 60
INFO:root:[logger]
INFO:root:loghost: 10.1.154.241
INFO:root:loglevel: info
INFO:root:[topsecret.server.com]
INFO:root:port: 50022
INFO:root:forwardx11: no
INFO:root:Please enter some words here: 
INFO:root:The input string is: d
INFO:root:The tokenizing of input string is: D
INFO:root:Please enter some words here: 
INFO:root:The input string is: :q
INFO:root:The tokenizing of input string is: :Q
INFO:root:Please enter some words here: 
INFO:root:[osu]
INFO:root:university: The Ohio State University
INFO:root:college: College of Engineering
INFO:root:department: Department of Computer Science and Engineering
INFO:root:class: CSE3461
INFO:root:[server]
INFO:root:serverhost: 10.134.215.76
INFO:root:serverport: 5782
INFO:root:[db]
INFO:root:dbhost: 10.129.2.170
INFO:root:dbport: 3232
INFO:root:commitinterval: 60
INFO:root:[logger]
INFO:root:loghost: 10.1.154.241
INFO:root:loglevel: info
INFO:root:[topsecret.server.com]
INFO:root:port: 50022
INFO:root:forwardx11: no
INFO:root:Please enter some words here: 
INFO:root:The input string is: aaa
INFO:root:The tokenizing of input string is: AAA
INFO:root:Please enter some words here: 
INFO:root:The input string is: dd
INFO:root:The tokenizing of input string is: DD
INFO:root:Please enter some words here: 
INFO:root:[osu]
INFO:root:university: The Ohio State University
INFO:root:college: College of Engineering
INFO:root:department: Department of Computer Science and Engineering
INFO:root:class: CSE3461
INFO:root:[server]
INFO:root:serverhost: 10.134.215.76
INFO:root:serverport: 5782
INFO:root:[db]
INFO:root:dbhost: 10.129.2.170
INFO:root:dbport: 3232
INFO:root:commitinterval: 60
INFO:root:[logger]
INFO:root:loghost: 10.1.154.241
INFO:root:loglevel: info
INFO:root:[topsecret.server.com]
INFO:root:port: 50022
INFO:root:forwardx11: no
INFO:root:Please enter some words here: 
INFO:root:The input string is: aa
INFO:root:The tokenizing of input string is: AA
INFO:root:Please enter some words here: 
INFO:root:The input string is: aa
INFO:root:The tokenizing of input string is: AA
INFO:root:Please enter some words here: 
INFO:root:The input string is: ss
INFO:root:The tokenizing of input string is: SS
INFO:root:Please enter some words here: 
INFO:root:The input string is: ff
INFO:root:The tokenizing of input string is: FF
INFO:root:Please enter some words here: 
INFO:root:The input string is: dgdf gdfgs
INFO:root:The tokenizing of input string is: DGDF gdfgs
INFO:root:Please enter some words here: 
