INFO:root:server_host = 127.0.0.1
INFO:root:server_port = 7721
INFO:root:log_filename = liu.9553-project2-server.log
INFO:root:log_level = INFO
INFO:root:log_file_mode = a
INFO:root:Start a Server:
INFO:root:IP Address: 127.0.0.1
INFO:root:Port: 7721
INFO:root:Waiting for connection.........
INFO:root:Connection accepted from ('127.0.0.1', 57398)
INFO:root:Client message: {"command": "JUMPED", "parameter": "over the lazy dog"}
INFO:root:Client command: JUMPED
INFO:root:Client parameter: over the lazy dog
INFO:root:The message send to Client: b'{"response": "JUMPED", "parameter": "Server received: over the lazy dog"}'
INFO:root:Client message: {"command": "CALL", "parameter": "Call me Ishmael"}
INFO:root:Client command: CALL
INFO:root:Client parameter: Call me Ishmael
INFO:root:The message send to Client: b'{"response": "CALL", "parameter": "Server received: Call me Ishmael"}'
INFO:root:Client message: {"command": "IN", "parameter": "a hole in the ground there lived a hobbit"}
INFO:root:Client command: IN
INFO:root:Client parameter: a hole in the ground there lived a hobbit
INFO:root:The message send to Client: b'{"response": "IN", "parameter": "Server received: a hole in the ground there lived a hobbit"}'
INFO:root:Client message: {"command": "HOUSTON,", "parameter": "we have a problem"}
INFO:root:Client command: HOUSTON,
INFO:root:Client parameter: we have a problem
INFO:root:The message send to Client: b'{"response": "HOUSTON,", "parameter": "Server received: we have a problem"}'
INFO:root:Client message: {"command": "IT", "parameter": "was a dark and stormy night"}
INFO:root:Client command: IT
INFO:root:Client parameter: was a dark and stormy night
INFO:root:The message send to Client: b'{"response": "IT", "parameter": "Server received: was a dark and stormy night"}'
INFO:root:Client message: {"command": "I", "parameter": "want to quit"}
INFO:root:Client command: I
INFO:root:Client parameter: want to quit
INFO:root:The message send to Client: b'{"response": "I", "parameter": "Server received: want to quit"}'
INFO:root:Client message: {"command": "QUITTING", "parameter": ""}
INFO:root:Client command: QUITTING
INFO:root:Client parameter: 
INFO:root:The message send to Client: b'{"response": "QUITTING", "parameter": ""}'
INFO:root:Receiving a quit command!!!
INFO:root:Stop running this Server.
